<?xml version="1.0" encoding="UTF-8"?>
<testsuite name="com.unidade.teste.AssetionsTeste" tests="1" skipped="0" failures="0" errors="0" timestamp="2023-03-25T15:44:32" hostname="METAVERSO" time="0.032">
  <properties/>
  <testcase name="validarLancamentos()" classname="com.unidade.teste.AssetionsTeste" time="0.032"/>
  <system-out><![CDATA[]]></system-out>
  <system-err><![CDATA[]]></system-err>
</testsuite>
